<?xml version="1.0" encoding="UTF-8"?>
<!-- Generated by org.testng.reporters.JUnitReportReporter -->
<testsuite hostname="DESKTOP-7MIPOVK" failures="0" tests="3" name="SeleniumFrameworkDesign.Tests.submitOrderTest" time="36.767" errors="0" timestamp="2024-07-10T12:34:50 IST" skipped="0">
  <testcase classname="SeleniumFrameworkDesign.Tests.submitOrderTest" name="submitOrder" time="16.743"/>
  <testcase classname="SeleniumFrameworkDesign.Tests.submitOrderTest" name="submitOrder" time="17.350"/>
  <testcase classname="SeleniumFrameworkDesign.Tests.submitOrderTest" name="OrderHistoryTest" time="2.674"/>
</testsuite> <!-- SeleniumFrameworkDesign.Tests.submitOrderTest -->
