<?xml version="1.0" encoding="UTF-8"?>
<!-- Generated by org.testng.reporters.JUnitReportReporter -->
<testsuite hostname="DESKTOP-7MIPOVK" failures="0" tests="1" name="Cucumber.TestNGTestRunner" time="17.328" errors="0" timestamp="2024-07-11T23:37:13 IST" skipped="0">
  <testcase classname="Cucumber.TestNGTestRunner" name="runScenario" time="17.328"/>
</testsuite> <!-- Cucumber.TestNGTestRunner -->
