<?xml version="1.0" encoding="UTF-8"?>
<!-- Generated by org.testng.reporters.JUnitReportReporter -->
<testsuite hostname="DESKTOP-7MIPOVK" failures="0" tests="2" name="SeleniumFrameworkDesign.Tests.ErrorValidationsTest" time="18.867" errors="0" timestamp="2024-07-12T12:36:53 IST" skipped="0">
  <testcase classname="SeleniumFrameworkDesign.Tests.ErrorValidationsTest" name="loginErrorValidation" time="3.144"/>
  <testcase classname="SeleniumFrameworkDesign.Tests.ErrorValidationsTest" name="productErrorValidation" time="15.723"/>
</testsuite> <!-- SeleniumFrameworkDesign.Tests.ErrorValidationsTest -->
