<?xml version="1.0" encoding="UTF-8"?>
<!-- Generated by org.testng.reporters.JUnitReportReporter -->
<testsuite hostname="DESKTOP-7MIPOVK" failures="0" tests="1" name="Cucumber.TestNGTestRunner" time="18.043" errors="0" timestamp="2024-07-12T12:39:22 IST" skipped="0">
  <testcase classname="Cucumber.TestNGTestRunner" name="runScenario" time="18.043"/>
</testsuite> <!-- Cucumber.TestNGTestRunner -->
